Number of sequences analyzed:         2

Sequence 1 : out/set/alignments/ynfE/573.12860.fasta.ref
573.12860.fasta.ref
Length:      2220 bps
 GC:    1312.0
 AT:     908.0
Sequence 2 : out/temp/alignments/genes/ynfE/573.12859.fasta
573.12859.fasta
Length:      2436 bps
 GC:    1461.0
 AT:     975.0
d value:   300
q value:   30

Mum anchor size:   12.0
Number of MUM anchors found:   10
Number of MUMs found:   0 
Total MUMs found((Anchors+MUMs)-filtered):   10

Random MUM length:   1 
Minimum Cluster length:   21
Number of MUMs filtered:   0 
Number of Clusters filtered:   0 

Number of clusters created:   1 
Average number of MUMs per cluster:   10
Average cluster length:   2220 bps
Cluster coverage in sequence 1:   100.0%
Cluster coverage in sequence 2:   91.1%
Total coverage among all sequences:   95.4%

 MUM anchor search elapsed time:   0.0s 
 MUM coarsening elapsed time:   0.0s 
 MUM filtering elapsed time:   0.0s 
 MUM clustering elapsed time:   0.0s 
 Inter-clustering elapsed time:   0.0s 
 Total running time:   0.0s 
