Number of sequences analyzed:         3

Sequence 1 : out/set/alignments/bcsC/573.12862.fasta.ref
573.12862.fasta.ref
Length:      3477 bps
 GC:    2278.0
 AT:    1199.0
Sequence 2 : out/temp/alignments/genes/bcsC/573.12859.fasta
573.12859.fasta
Length:      3492 bps
 GC:    2299.0
 AT:    1193.0
Sequence 3 : out/temp/alignments/genes/bcsC/573.12860.fasta
573.12860.fasta
Length:      3477 bps
 GC:    2279.0
 AT:    1198.0
d value:   300
q value:   30

Mum anchor size:   12.0
Number of MUM anchors found:   22
Number of MUMs found:   0 
Total MUMs found((Anchors+MUMs)-filtered):   22

Random MUM length:   1 
Minimum Cluster length:   21
Number of MUMs filtered:   0 
Number of Clusters filtered:   0 

Number of clusters created:   3 
Average number of MUMs per cluster:   7 
Average cluster length:   1159 bps
Cluster coverage in sequence 1:   100.0%
Cluster coverage in sequence 2:   99.6%
Cluster coverage in sequence 3:   100.0%
Total coverage among all sequences:   99.9%

 MUM anchor search elapsed time:   0.0s 
 MUM coarsening elapsed time:   0.0s 
 MUM filtering elapsed time:   0.0s 
 MUM clustering elapsed time:   0.0s 
 Inter-clustering elapsed time:   0.0s 
 Total running time:   0.0s 
