Number of sequences analyzed:         3

Sequence 1 : out/set/alignments/group_6135/573.12862.fasta.ref
573.12862.fasta.ref
Length:      2193 bps
 GC:    1334.0
 AT:     859.0
Sequence 2 : out/temp/alignments/genes/group_6135/573.12859.fasta
573.12859.fasta
Length:      2193 bps
 GC:    1336.0
 AT:     857.0
Sequence 3 : out/temp/alignments/genes/group_6135/573.12860.fasta
573.12860.fasta
Length:      2193 bps
 GC:    1334.0
 AT:     859.0
d value:   300
q value:   30

Mum anchor size:   12.0
Number of MUM anchors found:   25
Number of MUMs found:   0 
Total MUMs found((Anchors+MUMs)-filtered):   25

Random MUM length:   1 
Minimum Cluster length:   21
Number of MUMs filtered:   0 
Number of Clusters filtered:   0 

Number of clusters created:   1 
Average number of MUMs per cluster:   25
Average cluster length:   2183 bps
Cluster coverage in sequence 1:   99.5%
Cluster coverage in sequence 2:   99.5%
Cluster coverage in sequence 3:   99.5%
Total coverage among all sequences:   99.5%

 MUM anchor search elapsed time:   0.0s 
 MUM coarsening elapsed time:   0.0s 
 MUM filtering elapsed time:   0.0s 
 MUM clustering elapsed time:   0.0s 
 Inter-clustering elapsed time:   0.0s 
 Total running time:   0.0s 
