Number of sequences analyzed:         2

Sequence 1 : out/set/alignments/group_221/573.12860.fasta.ref
573.12860.fasta.ref
Length:       900 bps
 GC:     454.0
 AT:     446.0
Sequence 2 : out/temp/alignments/genes/group_221/573.12859.fasta
573.12859.fasta
Length:       999 bps
 GC:     500.0
 AT:     499.0
d value:   300
q value:   30

Mum anchor size:   10.0
Number of MUM anchors found:   5 
Number of MUMs found:   0 
Total MUMs found((Anchors+MUMs)-filtered):   5 

Random MUM length:   1 
Minimum Cluster length:   21
Number of MUMs filtered:   0 
Number of Clusters filtered:   0 

Number of clusters created:   1 
Average number of MUMs per cluster:   5 
Average cluster length:   900 bps
Cluster coverage in sequence 1:   100.0%
Cluster coverage in sequence 2:   90.1%
Total coverage among all sequences:   94.8%

 MUM anchor search elapsed time:   0.0s 
 MUM coarsening elapsed time:   0.0s 
 MUM filtering elapsed time:   0.0s 
 MUM clustering elapsed time:   0.0s 
 Inter-clustering elapsed time:   0.0s 
 Total running time:   0.0s 
