Number of sequences analyzed:         2

Sequence 1 : out/set/alignments/xerC_2/573.12860.fasta.ref
573.12860.fasta.ref
Length:      1026 bps
 GC:     504.0
 AT:     522.0
Sequence 2 : out/temp/alignments/genes/xerC_2/573.12859.fasta
573.12859.fasta
Length:      1023 bps
 GC:     503.0
 AT:     520.0
d value:   300
q value:   30

Mum anchor size:   10.0
Number of MUM anchors found:   31
Number of MUMs found:   4 
Total MUMs found((Anchors+MUMs)-filtered):   35

Random MUM length:   1 
Minimum Cluster length:   21
Number of MUMs filtered:   0 
Number of Clusters filtered:   0 

Number of clusters created:   1 
Average number of MUMs per cluster:   35
Average cluster length:   974 bps
Cluster coverage in sequence 1:   94.9%
Cluster coverage in sequence 2:   95.2%
Total coverage among all sequences:   95.1%

 MUM anchor search elapsed time:   0.0s 
 MUM coarsening elapsed time:   0.0s 
 MUM filtering elapsed time:   0.0s 
 MUM clustering elapsed time:   0.0s 
 Inter-clustering elapsed time:   0.0s 
 Total running time:   0.0s 
