Number of sequences analyzed:         3

Sequence 1 : out/set/alignments/mngR_2/573.12862.fasta.ref
573.12862.fasta.ref
Length:       723 bps
 GC:     420.0
 AT:     303.0
Sequence 2 : out/temp/alignments/genes/mngR_2/573.12859.fasta
573.12859.fasta
Length:       747 bps
 GC:     437.0
 AT:     310.0
Sequence 3 : out/temp/alignments/genes/mngR_2/573.12860.fasta
573.12860.fasta
Length:       723 bps
 GC:     420.0
 AT:     303.0
d value:   300
q value:   30

Mum anchor size:   10.0
Number of MUM anchors found:   6 
Number of MUMs found:   0 
Total MUMs found((Anchors+MUMs)-filtered):   6 

Random MUM length:   1 
Minimum Cluster length:   21
Number of MUMs filtered:   0 
Number of Clusters filtered:   0 

Number of clusters created:   1 
Average number of MUMs per cluster:   6 
Average cluster length:   711 bps
Cluster coverage in sequence 1:   98.3%
Cluster coverage in sequence 2:   95.2%
Cluster coverage in sequence 3:   98.3%
Total coverage among all sequences:   97.3%

 MUM anchor search elapsed time:   0.0s 
 MUM coarsening elapsed time:   0.0s 
 MUM filtering elapsed time:   0.0s 
 MUM clustering elapsed time:   0.0s 
 Inter-clustering elapsed time:   0.0s 
 Total running time:   0.0s 
