Number of sequences analyzed:         3

Sequence 1 : out/set/phylogeny/573.12860_contigs.fasta.ref
573.12860_contigs.fasta.ref
Length:   5807387 bps
 GC: 3310731.0
 AT: 2496656.0
Sequence 2 : out/temp/fasta/573.12859_contigs.fasta
573.12859_contigs.fasta
Length:   5703058 bps
 GC: 3209184.0
 AT: 2396224.0
Sequence 3 : out/temp/fasta/573.12862_contigs.fasta
573.12862_contigs.fasta
Length:   5536834 bps
 GC: 3102295.0
 AT: 2320454.0
d value:   300
q value:   30

Mum anchor size:   23.0
Number of MUM anchors found:   23037
Number of MUMs found:   1908
Total MUMs found((Anchors+MUMs)-filtered):   24230

Random MUM length:   1 
Minimum Cluster length:   21
Number of MUMs filtered:   715
Number of Clusters filtered:   705

Number of clusters created:   648
Average number of MUMs per cluster:   37
Average cluster length:   7414 bps
Cluster coverage in sequence 1:   82.7%
Cluster coverage in sequence 2:   85.7%
Cluster coverage in sequence 3:   88.6%
Total coverage among all sequences:   84.6%

 MUM anchor search elapsed time:   13.0s 
 MUM coarsening elapsed time:   1.0s 
 MUM filtering elapsed time:   0.0s 
 MUM clustering elapsed time:   0.0s 
 Inter-clustering elapsed time:   5.0s 
 Total running time:   19.0s 
