Number of sequences analyzed:         3

Sequence 1 : out/set/alignments/pspC/573.12862.fasta.ref
573.12862.fasta.ref
Length:       360 bps
 GC:     204.0
 AT:     156.0
Sequence 2 : out/temp/alignments/genes/pspC/573.12859.fasta
573.12859.fasta
Length:       360 bps
 GC:     205.0
 AT:     155.0
Sequence 3 : out/temp/alignments/genes/pspC/573.12860.fasta
573.12860.fasta
Length:       360 bps
 GC:     204.0
 AT:     156.0
d value:   300
q value:   30

Mum anchor size:   9.0
Number of MUM anchors found:   5 
Number of MUMs found:   0 
Total MUMs found((Anchors+MUMs)-filtered):   5 

Random MUM length:   1 
Minimum Cluster length:   21
Number of MUMs filtered:   0 
Number of Clusters filtered:   0 

Number of clusters created:   1 
Average number of MUMs per cluster:   5 
Average cluster length:   351 bps
Cluster coverage in sequence 1:   97.5%
Cluster coverage in sequence 2:   97.5%
Cluster coverage in sequence 3:   97.5%
Total coverage among all sequences:   97.5%

 MUM anchor search elapsed time:   0.0s 
 MUM coarsening elapsed time:   0.0s 
 MUM filtering elapsed time:   0.0s 
 MUM clustering elapsed time:   0.0s 
 Inter-clustering elapsed time:   0.0s 
 Total running time:   0.0s 
