Number of sequences analyzed:         3

Sequence 1 : out/set/alignments/group_4149/573.12862.fasta.ref
573.12862.fasta.ref
Length:       741 bps
 GC:     434.0
 AT:     307.0
Sequence 2 : out/temp/alignments/genes/group_4149/573.12859.fasta
573.12859.fasta
Length:       741 bps
 GC:     433.0
 AT:     308.0
Sequence 3 : out/temp/alignments/genes/group_4149/573.12860.fasta
573.12860.fasta
Length:       741 bps
 GC:     432.0
 AT:     309.0
d value:   300
q value:   30

Mum anchor size:   10.0
Number of MUM anchors found:   13
Number of MUMs found:   0 
Total MUMs found((Anchors+MUMs)-filtered):   13

Random MUM length:   1 
Minimum Cluster length:   21
Number of MUMs filtered:   0 
Number of Clusters filtered:   0 

Number of clusters created:   1 
Average number of MUMs per cluster:   13
Average cluster length:   732 bps
Cluster coverage in sequence 1:   98.8%
Cluster coverage in sequence 2:   98.8%
Cluster coverage in sequence 3:   98.8%
Total coverage among all sequences:   98.8%

 MUM anchor search elapsed time:   0.0s 
 MUM coarsening elapsed time:   0.0s 
 MUM filtering elapsed time:   0.0s 
 MUM clustering elapsed time:   0.0s 
 Inter-clustering elapsed time:   0.0s 
 Total running time:   0.0s 
