Number of sequences analyzed:         2

Sequence 1 : out/set/alignments/group_796/573.12860.fasta.ref
573.12860.fasta.ref
Length:      2823 bps
 GC:    1401.0
 AT:    1422.0
Sequence 2 : out/temp/alignments/genes/group_796/573.12859.fasta
573.12859.fasta
Length:      2823 bps
 GC:    1401.0
 AT:    1422.0
d value:   300
q value:   30

Mum anchor size:   12.0
Number of MUM anchors found:   37
Number of MUMs found:   0 
Total MUMs found((Anchors+MUMs)-filtered):   37

Random MUM length:   1 
Minimum Cluster length:   21
Number of MUMs filtered:   0 
Number of Clusters filtered:   0 

Number of clusters created:   1 
Average number of MUMs per cluster:   37
Average cluster length:   2816 bps
Cluster coverage in sequence 1:   99.8%
Cluster coverage in sequence 2:   99.8%
Total coverage among all sequences:   99.8%

 MUM anchor search elapsed time:   0.0s 
 MUM coarsening elapsed time:   0.0s 
 MUM filtering elapsed time:   0.0s 
 MUM clustering elapsed time:   0.0s 
 Inter-clustering elapsed time:   0.0s 
 Total running time:   0.0s 
