Number of sequences analyzed:         3

Sequence 1 : out/set/alignments/fhuA_2/573.12862.fasta.ref
573.12862.fasta.ref
Length:      2208 bps
 GC:    1307.0
 AT:     901.0
Sequence 2 : out/temp/alignments/genes/fhuA_2/573.12859.fasta
573.12859.fasta
Length:      2208 bps
 GC:    1309.0
 AT:     899.0
Sequence 3 : out/temp/alignments/genes/fhuA_2/573.12860.fasta
573.12860.fasta
Length:      2208 bps
 GC:    1307.0
 AT:     901.0
d value:   300
q value:   30

Mum anchor size:   12.0
Number of MUM anchors found:   7 
Number of MUMs found:   0 
Total MUMs found((Anchors+MUMs)-filtered):   7 

Random MUM length:   1 
Minimum Cluster length:   21
Number of MUMs filtered:   0 
Number of Clusters filtered:   0 

Number of clusters created:   1 
Average number of MUMs per cluster:   7 
Average cluster length:   2203 bps
Cluster coverage in sequence 1:   99.8%
Cluster coverage in sequence 2:   99.8%
Cluster coverage in sequence 3:   99.8%
Total coverage among all sequences:   99.8%

 MUM anchor search elapsed time:   0.0s 
 MUM coarsening elapsed time:   0.0s 
 MUM filtering elapsed time:   0.0s 
 MUM clustering elapsed time:   0.0s 
 Inter-clustering elapsed time:   0.0s 
 Total running time:   0.0s 
