Number of sequences analyzed:         3

Sequence 1 : out/set/alignments/group_232/573.12862.fasta.ref
573.12862.fasta.ref
Length:      2628 bps
 GC:    1495.0
 AT:    1133.0
Sequence 2 : out/temp/alignments/genes/group_232/573.12859.fasta
573.12859.fasta
Length:      2628 bps
 GC:    1500.0
 AT:    1128.0
Sequence 3 : out/temp/alignments/genes/group_232/573.12860.fasta
573.12860.fasta
Length:      2628 bps
 GC:    1495.0
 AT:    1133.0
d value:   300
q value:   30

Mum anchor size:   12.0
Number of MUM anchors found:   47
Number of MUMs found:   21
Total MUMs found((Anchors+MUMs)-filtered):   63

Random MUM length:   1 
Minimum Cluster length:   21
Number of MUMs filtered:   5 
Number of Clusters filtered:   5 

Number of clusters created:   1 
Average number of MUMs per cluster:   63
Average cluster length:   2603 bps
Cluster coverage in sequence 1:   99.0%
Cluster coverage in sequence 2:   99.0%
Cluster coverage in sequence 3:   99.0%
Total coverage among all sequences:   99.0%

 MUM anchor search elapsed time:   0.0s 
 MUM coarsening elapsed time:   0.0s 
 MUM filtering elapsed time:   0.0s 
 MUM clustering elapsed time:   0.0s 
 Inter-clustering elapsed time:   0.0s 
 Total running time:   0.0s 
