Number of sequences analyzed:         3

Sequence 1 : out/set/alignments/traD/573.12862.fasta.ref
573.12862.fasta.ref
Length:      2313 bps
 GC:    1311.0
 AT:    1002.0
Sequence 2 : out/temp/alignments/genes/traD/573.12859.fasta
573.12859.fasta
Length:      2310 bps
 GC:    1306.0
 AT:    1004.0
Sequence 3 : out/temp/alignments/genes/traD/573.12860.fasta
573.12860.fasta
Length:      2310 bps
 GC:    1292.0
 AT:    1018.0
d value:   300
q value:   30

Mum anchor size:   12.0
Number of MUM anchors found:   58
Number of MUMs found:   4 
Total MUMs found((Anchors+MUMs)-filtered):   62

Random MUM length:   1 
Minimum Cluster length:   21
Number of MUMs filtered:   0 
Number of Clusters filtered:   0 

Number of clusters created:   2 
Average number of MUMs per cluster:   31
Average cluster length:   1147 bps
Cluster coverage in sequence 1:   99.2%
Cluster coverage in sequence 2:   99.4%
Cluster coverage in sequence 3:   99.4%
Total coverage among all sequences:   99.3%

 MUM anchor search elapsed time:   0.0s 
 MUM coarsening elapsed time:   0.0s 
 MUM filtering elapsed time:   0.0s 
 MUM clustering elapsed time:   0.0s 
 Inter-clustering elapsed time:   0.0s 
 Total running time:   0.0s 
