Number of sequences analyzed:         2

Sequence 1 : out/set/alignments/group_325/573.12862.fasta.ref
573.12862.fasta.ref
Length:       204 bps
 GC:     129.0
 AT:      75.0
Sequence 2 : out/temp/alignments/genes/group_325/573.12860.fasta
573.12860.fasta
Length:       273 bps
 GC:     163.0
 AT:     110.0
d value:   300
q value:   30

Mum anchor size:   8.0
Number of MUM anchors found:   2 
Number of MUMs found:   0 
Total MUMs found((Anchors+MUMs)-filtered):   2 

Random MUM length:   1 
Minimum Cluster length:   21
Number of MUMs filtered:   0 
Number of Clusters filtered:   0 

Number of clusters created:   1 
Average number of MUMs per cluster:   2 
Average cluster length:   199 bps
Cluster coverage in sequence 1:   97.5%
Cluster coverage in sequence 2:   72.9%
Total coverage among all sequences:   83.4%

 MUM anchor search elapsed time:   0.0s 
 MUM coarsening elapsed time:   0.0s 
 MUM filtering elapsed time:   0.0s 
 MUM clustering elapsed time:   0.0s 
 Inter-clustering elapsed time:   0.0s 
 Total running time:   0.0s 
