Number of sequences analyzed:         3

Sequence 1 : out/set/alignments/rpoD/573.12862.fasta.ref
573.12862.fasta.ref
Length:      1836 bps
 GC:    1024.0
 AT:     812.0
Sequence 2 : out/temp/alignments/genes/rpoD/573.12859.fasta
573.12859.fasta
Length:      1842 bps
 GC:    1026.0
 AT:     816.0
Sequence 3 : out/temp/alignments/genes/rpoD/573.12860.fasta
573.12860.fasta
Length:      1842 bps
 GC:    1027.0
 AT:     815.0
d value:   300
q value:   30

Mum anchor size:   11.0
Number of MUM anchors found:   4 
Number of MUMs found:   0 
Total MUMs found((Anchors+MUMs)-filtered):   4 

Random MUM length:   1 
Minimum Cluster length:   21
Number of MUMs filtered:   0 
Number of Clusters filtered:   0 

Number of clusters created:   2 
Average number of MUMs per cluster:   2 
Average cluster length:   918 bps
Cluster coverage in sequence 1:   100.0%
Cluster coverage in sequence 2:   99.7%
Cluster coverage in sequence 3:   99.7%
Total coverage among all sequences:   99.8%

 MUM anchor search elapsed time:   0.0s 
 MUM coarsening elapsed time:   0.0s 
 MUM filtering elapsed time:   0.0s 
 MUM clustering elapsed time:   0.0s 
 Inter-clustering elapsed time:   0.0s 
 Total running time:   0.0s 
