Number of sequences analyzed:         3

Sequence 1 : out/set/alignments/pspA_2/573.12859.fasta.ref
573.12859.fasta.ref
Length:       618 bps
 GC:     297.0
 AT:     321.0
Sequence 2 : out/temp/alignments/genes/pspA_2/573.12860.fasta
573.12860.fasta
Length:       660 bps
 GC:     319.0
 AT:     341.0
Sequence 3 : out/temp/alignments/genes/pspA_2/573.12862.fasta
573.12862.fasta
Length:       660 bps
 GC:     319.0
 AT:     341.0
d value:   300
q value:   30

Mum anchor size:   10.0
Number of MUM anchors found:   23
Number of MUMs found:   2 
Total MUMs found((Anchors+MUMs)-filtered):   25

Random MUM length:   1 
Minimum Cluster length:   21
Number of MUMs filtered:   0 
Number of Clusters filtered:   0 

Number of clusters created:   1 
Average number of MUMs per cluster:   25
Average cluster length:   608 bps
Cluster coverage in sequence 1:   98.4%
Cluster coverage in sequence 2:   92.1%
Cluster coverage in sequence 3:   92.1%
Total coverage among all sequences:   94.1%

 MUM anchor search elapsed time:   0.0s 
 MUM coarsening elapsed time:   0.0s 
 MUM filtering elapsed time:   0.0s 
 MUM clustering elapsed time:   0.0s 
 Inter-clustering elapsed time:   0.0s 
 Total running time:   0.0s 
