Number of sequences analyzed:         3

Sequence 1 : out/set/alignments/group_5913/573.12862.fasta.ref
573.12862.fasta.ref
Length:       537 bps
 GC:     309.0
 AT:     228.0
Sequence 2 : out/temp/alignments/genes/group_5913/573.12859.fasta
573.12859.fasta
Length:       537 bps
 GC:     311.0
 AT:     226.0
Sequence 3 : out/temp/alignments/genes/group_5913/573.12860.fasta
573.12860.fasta
Length:       537 bps
 GC:     309.0
 AT:     228.0
d value:   300
q value:   30

Mum anchor size:   10.0
Number of MUM anchors found:   6 
Number of MUMs found:   0 
Total MUMs found((Anchors+MUMs)-filtered):   6 

Random MUM length:   1 
Minimum Cluster length:   21
Number of MUMs filtered:   0 
Number of Clusters filtered:   0 

Number of clusters created:   1 
Average number of MUMs per cluster:   6 
Average cluster length:   531 bps
Cluster coverage in sequence 1:   98.9%
Cluster coverage in sequence 2:   98.9%
Cluster coverage in sequence 3:   98.9%
Total coverage among all sequences:   98.9%

 MUM anchor search elapsed time:   0.0s 
 MUM coarsening elapsed time:   0.0s 
 MUM filtering elapsed time:   0.0s 
 MUM clustering elapsed time:   0.0s 
 Inter-clustering elapsed time:   0.0s 
 Total running time:   0.0s 
