Number of sequences analyzed:         3

Sequence 1 : out/set/alignments/rcnA/573.12862.fasta.ref
573.12862.fasta.ref
Length:       882 bps
 GC:     537.0
 AT:     345.0
Sequence 2 : out/temp/alignments/genes/rcnA/573.12859.fasta
573.12859.fasta
Length:       882 bps
 GC:     534.0
 AT:     348.0
Sequence 3 : out/temp/alignments/genes/rcnA/573.12860.fasta
573.12860.fasta
Length:       882 bps
 GC:     537.0
 AT:     345.0
d value:   300
q value:   30

Mum anchor size:   10.0
Number of MUM anchors found:   8 
Number of MUMs found:   0 
Total MUMs found((Anchors+MUMs)-filtered):   8 

Random MUM length:   1 
Minimum Cluster length:   21
Number of MUMs filtered:   0 
Number of Clusters filtered:   0 

Number of clusters created:   3 
Average number of MUMs per cluster:   2 
Average cluster length:   288 bps
Cluster coverage in sequence 1:   98.0%
Cluster coverage in sequence 2:   98.0%
Cluster coverage in sequence 3:   98.0%
Total coverage among all sequences:   98.0%

 MUM anchor search elapsed time:   0.0s 
 MUM coarsening elapsed time:   0.0s 
 MUM filtering elapsed time:   0.0s 
 MUM clustering elapsed time:   0.0s 
 Inter-clustering elapsed time:   0.0s 
 Total running time:   0.0s 
