Number of sequences analyzed:         3

Sequence 1 : out/set/alignments/rhmD_1/573.12862.fasta.ref
573.12862.fasta.ref
Length:      1005 bps
 GC:     604.0
 AT:     401.0
Sequence 2 : out/temp/alignments/genes/rhmD_1/573.12859.fasta
573.12859.fasta
Length:      1206 bps
 GC:     722.0
 AT:     484.0
Sequence 3 : out/temp/alignments/genes/rhmD_1/573.12860.fasta
573.12860.fasta
Length:      1005 bps
 GC:     604.0
 AT:     401.0
d value:   300
q value:   30

Mum anchor size:   10.0
Number of MUM anchors found:   3 
Number of MUMs found:   0 
Total MUMs found((Anchors+MUMs)-filtered):   3 

Random MUM length:   1 
Minimum Cluster length:   21
Number of MUMs filtered:   0 
Number of Clusters filtered:   0 

Number of clusters created:   1 
Average number of MUMs per cluster:   3 
Average cluster length:   1005 bps
Cluster coverage in sequence 1:   100.0%
Cluster coverage in sequence 2:   83.4%
Cluster coverage in sequence 3:   100.0%
Total coverage among all sequences:   93.8%

 MUM anchor search elapsed time:   0.0s 
 MUM coarsening elapsed time:   0.0s 
 MUM filtering elapsed time:   0.0s 
 MUM clustering elapsed time:   0.0s 
 Inter-clustering elapsed time:   0.0s 
 Total running time:   0.0s 
