Number of sequences analyzed:         2

Sequence 1 : out/set/alignments/group_1680/573.12862.fasta.ref
573.12862.fasta.ref
Length:       351 bps
 GC:     180.0
 AT:     171.0
Sequence 2 : out/temp/alignments/genes/group_1680/573.12860.fasta
573.12860.fasta
Length:       351 bps
 GC:     177.0
 AT:     174.0
d value:   300
q value:   30

Mum anchor size:   9.0
Number of MUM anchors found:   7 
Number of MUMs found:   0 
Total MUMs found((Anchors+MUMs)-filtered):   7 

Random MUM length:   1 
Minimum Cluster length:   21
Number of MUMs filtered:   0 
Number of Clusters filtered:   0 

Number of clusters created:   1 
Average number of MUMs per cluster:   7 
Average cluster length:   350 bps
Cluster coverage in sequence 1:   99.7%
Cluster coverage in sequence 2:   99.7%
Total coverage among all sequences:   99.7%

 MUM anchor search elapsed time:   0.0s 
 MUM coarsening elapsed time:   0.0s 
 MUM filtering elapsed time:   0.0s 
 MUM clustering elapsed time:   0.0s 
 Inter-clustering elapsed time:   0.0s 
 Total running time:   0.0s 
