Number of sequences analyzed:         2

Sequence 1 : out/set/alignments/dam_2/573.12860.fasta.ref
573.12860.fasta.ref
Length:       852 bps
 GC:     406.0
 AT:     446.0
Sequence 2 : out/temp/alignments/genes/dam_2/573.12859.fasta
573.12859.fasta
Length:       852 bps
 GC:     393.0
 AT:     459.0
d value:   300
q value:   30

Mum anchor size:   10.0
Number of MUM anchors found:   24
Number of MUMs found:   0 
Total MUMs found((Anchors+MUMs)-filtered):   24

Random MUM length:   1 
Minimum Cluster length:   21
Number of MUMs filtered:   0 
Number of Clusters filtered:   0 

Number of clusters created:   1 
Average number of MUMs per cluster:   24
Average cluster length:   838 bps
Cluster coverage in sequence 1:   98.4%
Cluster coverage in sequence 2:   98.4%
Total coverage among all sequences:   98.4%

 MUM anchor search elapsed time:   0.0s 
 MUM coarsening elapsed time:   0.0s 
 MUM filtering elapsed time:   0.0s 
 MUM clustering elapsed time:   0.0s 
 Inter-clustering elapsed time:   0.0s 
 Total running time:   0.0s 
