Number of sequences analyzed:         3

Sequence 1 : out/set/alignments/panM/573.12862.fasta.ref
573.12862.fasta.ref
Length:       384 bps
 GC:     229.0
 AT:     155.0
Sequence 2 : out/temp/alignments/genes/panM/573.12859.fasta
573.12859.fasta
Length:       384 bps
 GC:     223.0
 AT:     161.0
Sequence 3 : out/temp/alignments/genes/panM/573.12860.fasta
573.12860.fasta
Length:       384 bps
 GC:     229.0
 AT:     155.0
d value:   300
q value:   30

Mum anchor size:   9.0
Number of MUM anchors found:   6 
Number of MUMs found:   3 
Total MUMs found((Anchors+MUMs)-filtered):   8 

Random MUM length:   1 
Minimum Cluster length:   21
Number of MUMs filtered:   1 
Number of Clusters filtered:   1 

Number of clusters created:   1 
Average number of MUMs per cluster:   8 
Average cluster length:   377 bps
Cluster coverage in sequence 1:   98.2%
Cluster coverage in sequence 2:   98.2%
Cluster coverage in sequence 3:   98.2%
Total coverage among all sequences:   98.2%

 MUM anchor search elapsed time:   0.0s 
 MUM coarsening elapsed time:   0.0s 
 MUM filtering elapsed time:   0.0s 
 MUM clustering elapsed time:   0.0s 
 Inter-clustering elapsed time:   0.0s 
 Total running time:   0.0s 
