Number of sequences analyzed:         3

Sequence 1 : out/set/alignments/ppsC/573.12862.fasta.ref
573.12862.fasta.ref
Length:       981 bps
 GC:     602.0
 AT:     379.0
Sequence 2 : out/temp/alignments/genes/ppsC/573.12859.fasta
573.12859.fasta
Length:       981 bps
 GC:     601.0
 AT:     380.0
Sequence 3 : out/temp/alignments/genes/ppsC/573.12860.fasta
573.12860.fasta
Length:       981 bps
 GC:     603.0
 AT:     378.0
d value:   300
q value:   30

Mum anchor size:   10.0
Number of MUM anchors found:   5 
Number of MUMs found:   0 
Total MUMs found((Anchors+MUMs)-filtered):   5 

Random MUM length:   1 
Minimum Cluster length:   21
Number of MUMs filtered:   0 
Number of Clusters filtered:   0 

Number of clusters created:   1 
Average number of MUMs per cluster:   5 
Average cluster length:   981 bps
Cluster coverage in sequence 1:   100.0%
Cluster coverage in sequence 2:   100.0%
Cluster coverage in sequence 3:   100.0%
Total coverage among all sequences:   100.0%

 MUM anchor search elapsed time:   0.0s 
 MUM coarsening elapsed time:   0.0s 
 MUM filtering elapsed time:   0.0s 
 MUM clustering elapsed time:   0.0s 
 Inter-clustering elapsed time:   0.0s 
 Total running time:   0.0s 
