Number of sequences analyzed:         3

Sequence 1 : out/set/alignments/group_10/573.12862.fasta.ref
573.12862.fasta.ref
Length:       990 bps
 GC:     556.0
 AT:     434.0
Sequence 2 : out/temp/alignments/genes/group_10/573.12859.fasta
573.12859.fasta
Length:       993 bps
 GC:     573.0
 AT:     420.0
Sequence 3 : out/temp/alignments/genes/group_10/573.12860.fasta
573.12860.fasta
Length:       990 bps
 GC:     565.0
 AT:     425.0
d value:   300
q value:   30

Mum anchor size:   10.0
Number of MUM anchors found:   12
Number of MUMs found:   1 
Total MUMs found((Anchors+MUMs)-filtered):   12

Random MUM length:   1 
Minimum Cluster length:   21
Number of MUMs filtered:   1 
Number of Clusters filtered:   1 

Number of clusters created:   1 
Average number of MUMs per cluster:   12
Average cluster length:   900 bps
Cluster coverage in sequence 1:   90.9%
Cluster coverage in sequence 2:   90.6%
Cluster coverage in sequence 3:   90.9%
Total coverage among all sequences:   90.8%

 MUM anchor search elapsed time:   0.0s 
 MUM coarsening elapsed time:   0.0s 
 MUM filtering elapsed time:   0.0s 
 MUM clustering elapsed time:   0.0s 
 Inter-clustering elapsed time:   0.0s 
 Total running time:   0.0s 
