Number of sequences analyzed:         2

Sequence 1 : out/set/alignments/ssb_2/573.12860.fasta.ref
573.12860.fasta.ref
Length:       558 bps
 GC:     348.0
 AT:     210.0
Sequence 2 : out/temp/alignments/genes/ssb_2/573.12862.fasta
573.12862.fasta
Length:       543 bps
 GC:     338.0
 AT:     205.0
d value:   300
q value:   30

Mum anchor size:   10.0
Number of MUM anchors found:   20
Number of MUMs found:   3 
Total MUMs found((Anchors+MUMs)-filtered):   22

Random MUM length:   1 
Minimum Cluster length:   21
Number of MUMs filtered:   1 
Number of Clusters filtered:   1 

Number of clusters created:   2 
Average number of MUMs per cluster:   11
Average cluster length:   271 bps
Cluster coverage in sequence 1:   97.3%
Cluster coverage in sequence 2:   100.0%
Total coverage among all sequences:   98.6%

 MUM anchor search elapsed time:   0.0s 
 MUM coarsening elapsed time:   0.0s 
 MUM filtering elapsed time:   0.0s 
 MUM clustering elapsed time:   0.0s 
 Inter-clustering elapsed time:   0.0s 
 Total running time:   0.0s 
