Number of sequences analyzed:         3

Sequence 1 : out/set/alignments/group_4701/573.12862.fasta.ref
573.12862.fasta.ref
Length:       903 bps
 GC:     439.0
 AT:     464.0
Sequence 2 : out/temp/alignments/genes/group_4701/573.12859.fasta
573.12859.fasta
Length:       903 bps
 GC:     438.0
 AT:     465.0
Sequence 3 : out/temp/alignments/genes/group_4701/573.12860.fasta
573.12860.fasta
Length:       903 bps
 GC:     439.0
 AT:     464.0
d value:   300
q value:   30

Mum anchor size:   10.0
Number of MUM anchors found:   4 
Number of MUMs found:   0 
Total MUMs found((Anchors+MUMs)-filtered):   4 

Random MUM length:   1 
Minimum Cluster length:   21
Number of MUMs filtered:   0 
Number of Clusters filtered:   0 

Number of clusters created:   1 
Average number of MUMs per cluster:   4 
Average cluster length:   903 bps
Cluster coverage in sequence 1:   100.0%
Cluster coverage in sequence 2:   100.0%
Cluster coverage in sequence 3:   100.0%
Total coverage among all sequences:   100.0%

 MUM anchor search elapsed time:   0.0s 
 MUM coarsening elapsed time:   0.0s 
 MUM filtering elapsed time:   0.0s 
 MUM clustering elapsed time:   0.0s 
 Inter-clustering elapsed time:   0.0s 
 Total running time:   0.0s 
