Number of sequences analyzed:         3

Sequence 1 : out/set/alignments/group_92/573.12862.fasta.ref
573.12862.fasta.ref
Length:      4182 bps
 GC:    2620.0
 AT:    1562.0
Sequence 2 : out/temp/alignments/genes/group_92/573.12859.fasta
573.12859.fasta
Length:      4254 bps
 GC:    2672.0
 AT:    1582.0
Sequence 3 : out/temp/alignments/genes/group_92/573.12860.fasta
573.12860.fasta
Length:      4182 bps
 GC:    2619.0
 AT:    1563.0
d value:   300
q value:   30

Mum anchor size:   13.0
Number of MUM anchors found:   12
Number of MUMs found:   0 
Total MUMs found((Anchors+MUMs)-filtered):   12

Random MUM length:   1 
Minimum Cluster length:   21
Number of MUMs filtered:   0 
Number of Clusters filtered:   0 

Number of clusters created:   2 
Average number of MUMs per cluster:   6 
Average cluster length:   2091 bps
Cluster coverage in sequence 1:   100.0%
Cluster coverage in sequence 2:   98.3%
Cluster coverage in sequence 3:   100.0%
Total coverage among all sequences:   99.4%

 MUM anchor search elapsed time:   0.0s 
 MUM coarsening elapsed time:   0.0s 
 MUM filtering elapsed time:   0.0s 
 MUM clustering elapsed time:   0.0s 
 Inter-clustering elapsed time:   0.0s 
 Total running time:   0.0s 
