Number of sequences analyzed:         2

Sequence 1 : out/set/alignments/group_408/573.12860.fasta.ref
573.12860.fasta.ref
Length:       285 bps
 GC:     158.0
 AT:     127.0
Sequence 2 : out/temp/alignments/genes/group_408/573.12859.fasta
573.12859.fasta
Length:       285 bps
 GC:     156.0
 AT:     129.0
d value:   300
q value:   30

Mum anchor size:   9.0
Number of MUM anchors found:   9 
Number of MUMs found:   0 
Total MUMs found((Anchors+MUMs)-filtered):   9 

Random MUM length:   1 
Minimum Cluster length:   21
Number of MUMs filtered:   0 
Number of Clusters filtered:   0 

Number of clusters created:   1 
Average number of MUMs per cluster:   9 
Average cluster length:   285 bps
Cluster coverage in sequence 1:   100.0%
Cluster coverage in sequence 2:   100.0%
Total coverage among all sequences:   100.0%

 MUM anchor search elapsed time:   0.0s 
 MUM coarsening elapsed time:   0.0s 
 MUM filtering elapsed time:   0.0s 
 MUM clustering elapsed time:   0.0s 
 Inter-clustering elapsed time:   0.0s 
 Total running time:   0.0s 
