Number of sequences analyzed:         3

Sequence 1 : out/set/alignments/group_2439/573.12862.fasta.ref
573.12862.fasta.ref
Length:       186 bps
 GC:      97.0
 AT:      89.0
Sequence 2 : out/temp/alignments/genes/group_2439/573.12859.fasta
573.12859.fasta
Length:       186 bps
 GC:      96.0
 AT:      90.0
Sequence 3 : out/temp/alignments/genes/group_2439/573.12860.fasta
573.12860.fasta
Length:       186 bps
 GC:      97.0
 AT:      89.0
d value:   300
q value:   30

Mum anchor size:   8.0
Number of MUM anchors found:   3 
Number of MUMs found:   0 
Total MUMs found((Anchors+MUMs)-filtered):   3 

Random MUM length:   1 
Minimum Cluster length:   21
Number of MUMs filtered:   0 
Number of Clusters filtered:   0 

Number of clusters created:   2 
Average number of MUMs per cluster:   1 
Average cluster length:   94 bps
Cluster coverage in sequence 1:   101.1%
Cluster coverage in sequence 2:   101.1%
Cluster coverage in sequence 3:   101.1%
Total coverage among all sequences:   101.1%

 MUM anchor search elapsed time:   0.0s 
 MUM coarsening elapsed time:   0.0s 
 MUM filtering elapsed time:   0.0s 
 MUM clustering elapsed time:   0.0s 
 Inter-clustering elapsed time:   0.0s 
 Total running time:   0.0s 
