Number of sequences analyzed:         3

Sequence 1 : out/set/alignments/ecpC/573.12862.fasta.ref
573.12862.fasta.ref
Length:      2526 bps
 GC:    1563.0
 AT:     963.0
Sequence 2 : out/temp/alignments/genes/ecpC/573.12859.fasta
573.12859.fasta
Length:      2526 bps
 GC:    1568.0
 AT:     958.0
Sequence 3 : out/temp/alignments/genes/ecpC/573.12860.fasta
573.12860.fasta
Length:      2526 bps
 GC:    1563.0
 AT:     963.0
d value:   300
q value:   30

Mum anchor size:   12.0
Number of MUM anchors found:   33
Number of MUMs found:   0 
Total MUMs found((Anchors+MUMs)-filtered):   32

Random MUM length:   1 
Minimum Cluster length:   21
Number of MUMs filtered:   1 
Number of Clusters filtered:   1 

Number of clusters created:   1 
Average number of MUMs per cluster:   32
Average cluster length:   2507 bps
Cluster coverage in sequence 1:   99.2%
Cluster coverage in sequence 2:   99.2%
Cluster coverage in sequence 3:   99.2%
Total coverage among all sequences:   99.2%

 MUM anchor search elapsed time:   0.0s 
 MUM coarsening elapsed time:   0.0s 
 MUM filtering elapsed time:   0.0s 
 MUM clustering elapsed time:   0.0s 
 Inter-clustering elapsed time:   0.0s 
 Total running time:   0.0s 
