Number of sequences analyzed:         3

Sequence 1 : out/set/alignments/cusA_2/573.12862.fasta.ref
573.12862.fasta.ref
Length:      3150 bps
 GC:    1954.0
 AT:    1196.0
Sequence 2 : out/temp/alignments/genes/cusA_2/573.12859.fasta
573.12859.fasta
Length:      3150 bps
 GC:    1966.0
 AT:    1184.0
Sequence 3 : out/temp/alignments/genes/cusA_2/573.12860.fasta
573.12860.fasta
Length:      3150 bps
 GC:    1954.0
 AT:    1196.0
d value:   300
q value:   30

Mum anchor size:   12.0
Number of MUM anchors found:   54
Number of MUMs found:   2 
Total MUMs found((Anchors+MUMs)-filtered):   56

Random MUM length:   1 
Minimum Cluster length:   21
Number of MUMs filtered:   0 
Number of Clusters filtered:   0 

Number of clusters created:   1 
Average number of MUMs per cluster:   56
Average cluster length:   3140 bps
Cluster coverage in sequence 1:   99.7%
Cluster coverage in sequence 2:   99.7%
Cluster coverage in sequence 3:   99.7%
Total coverage among all sequences:   99.7%

 MUM anchor search elapsed time:   0.0s 
 MUM coarsening elapsed time:   0.0s 
 MUM filtering elapsed time:   0.0s 
 MUM clustering elapsed time:   0.0s 
 Inter-clustering elapsed time:   0.0s 
 Total running time:   0.0s 
