Number of sequences analyzed:         3

Sequence 1 : out/set/alignments/yccU/573.12862.fasta.ref
573.12862.fasta.ref
Length:       414 bps
 GC:     241.0
 AT:     173.0
Sequence 2 : out/temp/alignments/genes/yccU/573.12859.fasta
573.12859.fasta
Length:       414 bps
 GC:     244.0
 AT:     170.0
Sequence 3 : out/temp/alignments/genes/yccU/573.12860.fasta
573.12860.fasta
Length:       414 bps
 GC:     241.0
 AT:     173.0
d value:   300
q value:   30

Mum anchor size:   9.0
Number of MUM anchors found:   7 
Number of MUMs found:   0 
Total MUMs found((Anchors+MUMs)-filtered):   7 

Random MUM length:   1 
Minimum Cluster length:   21
Number of MUMs filtered:   0 
Number of Clusters filtered:   0 

Number of clusters created:   1 
Average number of MUMs per cluster:   7 
Average cluster length:   398 bps
Cluster coverage in sequence 1:   96.1%
Cluster coverage in sequence 2:   96.1%
Cluster coverage in sequence 3:   96.1%
Total coverage among all sequences:   96.1%

 MUM anchor search elapsed time:   0.0s 
 MUM coarsening elapsed time:   0.0s 
 MUM filtering elapsed time:   0.0s 
 MUM clustering elapsed time:   0.0s 
 Inter-clustering elapsed time:   0.0s 
 Total running time:   0.0s 
