Number of sequences analyzed:         3

Sequence 1 : out/set/alignments/group_134/573.12862.fasta.ref
573.12862.fasta.ref
Length:       918 bps
 GC:     543.0
 AT:     375.0
Sequence 2 : out/temp/alignments/genes/group_134/573.12859.fasta
573.12859.fasta
Length:       924 bps
 GC:     551.0
 AT:     373.0
Sequence 3 : out/temp/alignments/genes/group_134/573.12860.fasta
573.12860.fasta
Length:       918 bps
 GC:     543.0
 AT:     375.0
d value:   300
q value:   30

Mum anchor size:   10.0
Number of MUM anchors found:   8 
Number of MUMs found:   0 
Total MUMs found((Anchors+MUMs)-filtered):   8 

Random MUM length:   1 
Minimum Cluster length:   21
Number of MUMs filtered:   0 
Number of Clusters filtered:   0 

Number of clusters created:   1 
Average number of MUMs per cluster:   8 
Average cluster length:   902 bps
Cluster coverage in sequence 1:   98.3%
Cluster coverage in sequence 2:   97.6%
Cluster coverage in sequence 3:   98.3%
Total coverage among all sequences:   98.0%

 MUM anchor search elapsed time:   0.0s 
 MUM coarsening elapsed time:   0.0s 
 MUM filtering elapsed time:   0.0s 
 MUM clustering elapsed time:   0.0s 
 Inter-clustering elapsed time:   0.0s 
 Total running time:   0.0s 
