Number of sequences analyzed:         3

Sequence 1 : out/set/alignments/group_58/573.12862.fasta.ref
573.12862.fasta.ref
Length:      1434 bps
 GC:     769.0
 AT:     665.0
Sequence 2 : out/temp/alignments/genes/group_58/573.12859.fasta
573.12859.fasta
Length:      1440 bps
 GC:     789.0
 AT:     651.0
Sequence 3 : out/temp/alignments/genes/group_58/573.12860.fasta
573.12860.fasta
Length:      1434 bps
 GC:     803.0
 AT:     631.0
d value:   300
q value:   30

Mum anchor size:   11.0
Number of MUM anchors found:   35
Number of MUMs found:   9 
Total MUMs found((Anchors+MUMs)-filtered):   43

Random MUM length:   1 
Minimum Cluster length:   21
Number of MUMs filtered:   1 
Number of Clusters filtered:   1 

Number of clusters created:   3 
Average number of MUMs per cluster:   14
Average cluster length:   364 bps
Cluster coverage in sequence 1:   76.2%
Cluster coverage in sequence 2:   75.9%
Cluster coverage in sequence 3:   76.2%
Total coverage among all sequences:   76.1%

 MUM anchor search elapsed time:   0.0s 
 MUM coarsening elapsed time:   0.0s 
 MUM filtering elapsed time:   0.0s 
 MUM clustering elapsed time:   0.0s 
 Inter-clustering elapsed time:   0.0s 
 Total running time:   0.0s 
